[DEBUG] 2019-06-30 08:24:07,909 | /home/ilhmndn/frappe-training/apps/frappe/frappe/utils/scheduler.py:
Site: mdb.training.local
Queued events for site mdb.training.local
[DEBUG] 2019-06-30 08:24:08,191 | /home/ilhmndn/frappe-training/apps/frappe/frappe/utils/scheduler.py:
Site: warehouse
Queued events for site warehouse
[DEBUG] 2019-06-30 08:25:08,363 | /home/ilhmndn/frappe-training/apps/frappe/frappe/utils/scheduler.py:
Site: mdb.training.local
Queued events for site mdb.training.local
[DEBUG] 2019-06-30 08:25:08,418 | /home/ilhmndn/frappe-training/apps/frappe/frappe/utils/scheduler.py:
Site: warehouse
Queued events for site warehouse
[DEBUG] 2019-06-30 08:26:08,558 | /home/ilhmndn/frappe-training/apps/frappe/frappe/utils/scheduler.py:
Site: mdb.training.local
Queued events for site mdb.training.local
[DEBUG] 2019-06-30 08:26:08,613 | /home/ilhmndn/frappe-training/apps/frappe/frappe/utils/scheduler.py:
Site: warehouse
Queued events for site warehouse
[DEBUG] 2019-06-30 08:27:08,749 | /home/ilhmndn/frappe-training/apps/frappe/frappe/utils/scheduler.py:
Site: mdb.training.local
Queued events for site mdb.training.local
[DEBUG] 2019-06-30 08:27:08,807 | /home/ilhmndn/frappe-training/apps/frappe/frappe/utils/scheduler.py:
Site: warehouse
Queued events for site warehouse
[DEBUG] 2019-06-30 08:28:09,037 | /home/ilhmndn/frappe-training/apps/frappe/frappe/utils/scheduler.py:
Site: mdb.training.local
Queued events for site mdb.training.local
[DEBUG] 2019-06-30 08:28:09,215 | /home/ilhmndn/frappe-training/apps/frappe/frappe/utils/scheduler.py:
Site: warehouse
Queued events for site warehouse
[DEBUG] 2019-06-30 08:29:09,372 | /home/ilhmndn/frappe-training/apps/frappe/frappe/utils/scheduler.py:
Site: mdb.training.local
Queued events for site mdb.training.local
[DEBUG] 2019-06-30 08:29:09,435 | /home/ilhmndn/frappe-training/apps/frappe/frappe/utils/scheduler.py:
Site: warehouse
Queued events for site warehouse
[DEBUG] 2019-06-30 08:30:09,602 | /home/ilhmndn/frappe-training/apps/frappe/frappe/utils/scheduler.py:
Site: mdb.training.local
Queued events for site mdb.training.local
[DEBUG] 2019-06-30 08:30:09,685 | /home/ilhmndn/frappe-training/apps/frappe/frappe/utils/scheduler.py:
Site: warehouse
Queued events for site warehouse
[DEBUG] 2019-06-30 08:31:09,835 | /home/ilhmndn/frappe-training/apps/frappe/frappe/utils/scheduler.py:
Site: mdb.training.local
Queued events for site mdb.training.local
[DEBUG] 2019-06-30 08:31:09,887 | /home/ilhmndn/frappe-training/apps/frappe/frappe/utils/scheduler.py:
Site: warehouse
Queued events for site warehouse
[DEBUG] 2019-06-30 08:32:10,128 | /home/ilhmndn/frappe-training/apps/frappe/frappe/utils/scheduler.py:
Site: mdb.training.local
Queued events for site mdb.training.local
[DEBUG] 2019-06-30 08:32:10,328 | /home/ilhmndn/frappe-training/apps/frappe/frappe/utils/scheduler.py:
Site: warehouse
Queued events for site warehouse
[DEBUG] 2019-06-30 08:33:10,487 | /home/ilhmndn/frappe-training/apps/frappe/frappe/utils/scheduler.py:
Site: mdb.training.local
Queued events for site mdb.training.local
[DEBUG] 2019-06-30 08:33:10,539 | /home/ilhmndn/frappe-training/apps/frappe/frappe/utils/scheduler.py:
Site: warehouse
Queued events for site warehouse
[DEBUG] 2019-06-30 08:34:10,686 | /home/ilhmndn/frappe-training/apps/frappe/frappe/utils/scheduler.py:
Site: mdb.training.local
Queued events for site mdb.training.local
[DEBUG] 2019-06-30 08:34:10,760 | /home/ilhmndn/frappe-training/apps/frappe/frappe/utils/scheduler.py:
Site: warehouse
Queued events for site warehouse
[DEBUG] 2019-06-30 08:35:10,902 | /home/ilhmndn/frappe-training/apps/frappe/frappe/utils/scheduler.py:
Site: mdb.training.local
Queued events for site mdb.training.local
[DEBUG] 2019-06-30 08:35:10,958 | /home/ilhmndn/frappe-training/apps/frappe/frappe/utils/scheduler.py:
Site: warehouse
Queued events for site warehouse
[DEBUG] 2019-06-30 08:36:11,181 | /home/ilhmndn/frappe-training/apps/frappe/frappe/utils/scheduler.py:
Site: mdb.training.local
Queued events for site mdb.training.local
[DEBUG] 2019-06-30 08:36:11,478 | /home/ilhmndn/frappe-training/apps/frappe/frappe/utils/scheduler.py:
Site: warehouse
Queued events for site warehouse
[DEBUG] 2019-06-30 08:37:11,628 | /home/ilhmndn/frappe-training/apps/frappe/frappe/utils/scheduler.py:
Site: mdb.training.local
Queued events for site mdb.training.local
[DEBUG] 2019-06-30 08:37:11,687 | /home/ilhmndn/frappe-training/apps/frappe/frappe/utils/scheduler.py:
Site: warehouse
Queued events for site warehouse
[DEBUG] 2019-06-30 08:38:11,836 | /home/ilhmndn/frappe-training/apps/frappe/frappe/utils/scheduler.py:
Site: mdb.training.local
Queued events for site mdb.training.local
[DEBUG] 2019-06-30 08:38:11,892 | /home/ilhmndn/frappe-training/apps/frappe/frappe/utils/scheduler.py:
Site: warehouse
Queued events for site warehouse
[DEBUG] 2019-06-30 08:39:12,286 | /home/ilhmndn/frappe-training/apps/frappe/frappe/utils/scheduler.py:
Site: mdb.training.local
Queued events for site mdb.training.local
[DEBUG] 2019-06-30 08:39:12,337 | /home/ilhmndn/frappe-training/apps/frappe/frappe/utils/scheduler.py:
Site: warehouse
Queued events for site warehouse
[DEBUG] 2019-06-30 08:40:12,596 | /home/ilhmndn/frappe-training/apps/frappe/frappe/utils/scheduler.py:
Site: mdb.training.local
Queued events for site mdb.training.local
[DEBUG] 2019-06-30 08:40:12,778 | /home/ilhmndn/frappe-training/apps/frappe/frappe/utils/scheduler.py:
Site: warehouse
Queued events for site warehouse
[DEBUG] 2019-06-30 08:41:12,926 | /home/ilhmndn/frappe-training/apps/frappe/frappe/utils/scheduler.py:
Site: mdb.training.local
Queued events for site mdb.training.local
[DEBUG] 2019-06-30 08:41:12,978 | /home/ilhmndn/frappe-training/apps/frappe/frappe/utils/scheduler.py:
Site: warehouse
Queued events for site warehouse
[DEBUG] 2019-06-30 08:42:13,153 | /home/ilhmndn/frappe-training/apps/frappe/frappe/utils/scheduler.py:
Site: mdb.training.local
Queued events for site mdb.training.local
[DEBUG] 2019-06-30 08:42:13,216 | /home/ilhmndn/frappe-training/apps/frappe/frappe/utils/scheduler.py:
Site: warehouse
Queued events for site warehouse
[DEBUG] 2019-06-30 08:43:13,360 | /home/ilhmndn/frappe-training/apps/frappe/frappe/utils/scheduler.py:
Site: mdb.training.local
Queued events for site mdb.training.local
[DEBUG] 2019-06-30 08:43:13,412 | /home/ilhmndn/frappe-training/apps/frappe/frappe/utils/scheduler.py:
Site: warehouse
Queued events for site warehouse
[DEBUG] 2019-06-30 08:44:13,574 | /home/ilhmndn/frappe-training/apps/frappe/frappe/utils/scheduler.py:
Site: mdb.training.local
Queued events for site mdb.training.local
[DEBUG] 2019-06-30 08:44:13,755 | /home/ilhmndn/frappe-training/apps/frappe/frappe/utils/scheduler.py:
Site: warehouse
Queued events for site warehouse
[DEBUG] 2019-06-30 08:45:13,897 | /home/ilhmndn/frappe-training/apps/frappe/frappe/utils/scheduler.py:
Site: mdb.training.local
Queued events for site mdb.training.local
[DEBUG] 2019-06-30 08:45:13,953 | /home/ilhmndn/frappe-training/apps/frappe/frappe/utils/scheduler.py:
Site: warehouse
Queued events for site warehouse
[DEBUG] 2019-06-30 08:46:14,088 | /home/ilhmndn/frappe-training/apps/frappe/frappe/utils/scheduler.py:
Site: mdb.training.local
Queued events for site mdb.training.local
[DEBUG] 2019-06-30 08:46:14,143 | /home/ilhmndn/frappe-training/apps/frappe/frappe/utils/scheduler.py:
Site: warehouse
Queued events for site warehouse
[DEBUG] 2019-06-30 08:47:14,274 | /home/ilhmndn/frappe-training/apps/frappe/frappe/utils/scheduler.py:
Site: mdb.training.local
Queued events for site mdb.training.local
[DEBUG] 2019-06-30 08:47:14,327 | /home/ilhmndn/frappe-training/apps/frappe/frappe/utils/scheduler.py:
Site: warehouse
Queued events for site warehouse
[DEBUG] 2019-06-30 08:48:14,828 | /home/ilhmndn/frappe-training/apps/frappe/frappe/utils/scheduler.py:
Site: mdb.training.local
Queued events for site mdb.training.local
[DEBUG] 2019-06-30 08:48:15,076 | /home/ilhmndn/frappe-training/apps/frappe/frappe/utils/scheduler.py:
Site: warehouse
Queued events for site warehouse
[DEBUG] 2019-06-30 08:49:15,242 | /home/ilhmndn/frappe-training/apps/frappe/frappe/utils/scheduler.py:
Site: mdb.training.local
Queued events for site mdb.training.local
[DEBUG] 2019-06-30 08:49:15,285 | /home/ilhmndn/frappe-training/apps/frappe/frappe/utils/scheduler.py:
Site: warehouse
Queued events for site warehouse
[DEBUG] 2019-06-30 08:50:15,437 | /home/ilhmndn/frappe-training/apps/frappe/frappe/utils/scheduler.py:
Site: mdb.training.local
Queued events for site mdb.training.local
[DEBUG] 2019-06-30 08:50:15,496 | /home/ilhmndn/frappe-training/apps/frappe/frappe/utils/scheduler.py:
Site: warehouse
Queued events for site warehouse
[DEBUG] 2019-06-30 08:51:15,640 | /home/ilhmndn/frappe-training/apps/frappe/frappe/utils/scheduler.py:
Site: mdb.training.local
Queued events for site mdb.training.local
[DEBUG] 2019-06-30 08:51:15,724 | /home/ilhmndn/frappe-training/apps/frappe/frappe/utils/scheduler.py:
Site: warehouse
Queued events for site warehouse
[DEBUG] 2019-06-30 08:52:16,110 | /home/ilhmndn/frappe-training/apps/frappe/frappe/utils/scheduler.py:
Site: mdb.training.local
Queued events for site mdb.training.local
[DEBUG] 2019-06-30 08:52:16,349 | /home/ilhmndn/frappe-training/apps/frappe/frappe/utils/scheduler.py:
Site: warehouse
Queued events for site warehouse
[DEBUG] 2019-06-30 08:53:16,490 | /home/ilhmndn/frappe-training/apps/frappe/frappe/utils/scheduler.py:
Site: mdb.training.local
Queued events for site mdb.training.local
[DEBUG] 2019-06-30 08:53:16,551 | /home/ilhmndn/frappe-training/apps/frappe/frappe/utils/scheduler.py:
Site: warehouse
Queued events for site warehouse
[DEBUG] 2019-06-30 08:54:16,957 | /home/ilhmndn/frappe-training/apps/frappe/frappe/utils/scheduler.py:
Site: mdb.training.local
Queued events for site mdb.training.local
[DEBUG] 2019-06-30 08:54:17,026 | /home/ilhmndn/frappe-training/apps/frappe/frappe/utils/scheduler.py:
Site: warehouse
Queued events for site warehouse
[DEBUG] 2019-06-30 08:55:17,199 | /home/ilhmndn/frappe-training/apps/frappe/frappe/utils/scheduler.py:
Site: mdb.training.local
Queued events for site mdb.training.local
[DEBUG] 2019-06-30 08:55:17,254 | /home/ilhmndn/frappe-training/apps/frappe/frappe/utils/scheduler.py:
Site: warehouse
Queued events for site warehouse
[DEBUG] 2019-06-30 08:56:17,500 | /home/ilhmndn/frappe-training/apps/frappe/frappe/utils/scheduler.py:
Site: mdb.training.local
Queued events for site mdb.training.local
[DEBUG] 2019-06-30 08:56:17,708 | /home/ilhmndn/frappe-training/apps/frappe/frappe/utils/scheduler.py:
Site: warehouse
Queued events for site warehouse
[DEBUG] 2019-06-30 08:57:17,863 | /home/ilhmndn/frappe-training/apps/frappe/frappe/utils/scheduler.py:
Site: mdb.training.local
Queued events for site mdb.training.local
[DEBUG] 2019-06-30 08:57:17,920 | /home/ilhmndn/frappe-training/apps/frappe/frappe/utils/scheduler.py:
Site: warehouse
Queued events for site warehouse
[DEBUG] 2019-06-30 08:58:18,116 | /home/ilhmndn/frappe-training/apps/frappe/frappe/utils/scheduler.py:
Site: mdb.training.local
Queued events for site mdb.training.local
[DEBUG] 2019-06-30 08:58:18,161 | /home/ilhmndn/frappe-training/apps/frappe/frappe/utils/scheduler.py:
Site: warehouse
Queued events for site warehouse
[DEBUG] 2019-06-30 08:59:18,307 | /home/ilhmndn/frappe-training/apps/frappe/frappe/utils/scheduler.py:
Site: mdb.training.local
Queued events for site mdb.training.local
[DEBUG] 2019-06-30 08:59:18,355 | /home/ilhmndn/frappe-training/apps/frappe/frappe/utils/scheduler.py:
Site: warehouse
Queued events for site warehouse
[DEBUG] 2019-06-30 09:00:18,630 | /home/ilhmndn/frappe-training/apps/frappe/frappe/utils/scheduler.py:
Site: mdb.training.local
Queued events for site mdb.training.local
[DEBUG] 2019-06-30 09:00:18,932 | /home/ilhmndn/frappe-training/apps/frappe/frappe/utils/scheduler.py:
Site: warehouse
Queued events for site warehouse
[DEBUG] 2019-06-30 09:01:19,079 | /home/ilhmndn/frappe-training/apps/frappe/frappe/utils/scheduler.py:
Site: mdb.training.local
Queued events for site mdb.training.local
[DEBUG] 2019-06-30 09:01:19,134 | /home/ilhmndn/frappe-training/apps/frappe/frappe/utils/scheduler.py:
Site: warehouse
Queued events for site warehouse
[DEBUG] 2019-06-30 09:02:19,285 | /home/ilhmndn/frappe-training/apps/frappe/frappe/utils/scheduler.py:
Site: mdb.training.local
Queued events for site mdb.training.local
[DEBUG] 2019-06-30 09:02:19,341 | /home/ilhmndn/frappe-training/apps/frappe/frappe/utils/scheduler.py:
Site: warehouse
Queued events for site warehouse
[DEBUG] 2019-06-30 09:03:19,489 | /home/ilhmndn/frappe-training/apps/frappe/frappe/utils/scheduler.py:
Site: mdb.training.local
Queued events for site mdb.training.local
[DEBUG] 2019-06-30 09:03:19,554 | /home/ilhmndn/frappe-training/apps/frappe/frappe/utils/scheduler.py:
Site: warehouse
Queued events for site warehouse
[DEBUG] 2019-06-30 09:04:19,859 | /home/ilhmndn/frappe-training/apps/frappe/frappe/utils/scheduler.py:
Site: mdb.training.local
Queued events for site mdb.training.local
[DEBUG] 2019-06-30 09:04:20,033 | /home/ilhmndn/frappe-training/apps/frappe/frappe/utils/scheduler.py:
Site: warehouse
Queued events for site warehouse
[DEBUG] 2019-06-30 09:05:20,184 | /home/ilhmndn/frappe-training/apps/frappe/frappe/utils/scheduler.py:
Site: mdb.training.local
Queued events for site mdb.training.local
[DEBUG] 2019-06-30 09:05:20,243 | /home/ilhmndn/frappe-training/apps/frappe/frappe/utils/scheduler.py:
Site: warehouse
Queued events for site warehouse
[DEBUG] 2019-06-30 09:06:20,371 | /home/ilhmndn/frappe-training/apps/frappe/frappe/utils/scheduler.py:
Site: mdb.training.local
Queued events for site mdb.training.local
[DEBUG] 2019-06-30 09:06:20,427 | /home/ilhmndn/frappe-training/apps/frappe/frappe/utils/scheduler.py:
Site: warehouse
Queued events for site warehouse
[DEBUG] 2019-06-30 09:07:20,582 | /home/ilhmndn/frappe-training/apps/frappe/frappe/utils/scheduler.py:
Site: mdb.training.local
Queued events for site mdb.training.local
[DEBUG] 2019-06-30 09:07:20,645 | /home/ilhmndn/frappe-training/apps/frappe/frappe/utils/scheduler.py:
Site: warehouse
Queued events for site warehouse
[DEBUG] 2019-06-30 09:08:20,890 | /home/ilhmndn/frappe-training/apps/frappe/frappe/utils/scheduler.py:
Site: mdb.training.local
Queued events for site mdb.training.local
[DEBUG] 2019-06-30 09:08:21,078 | /home/ilhmndn/frappe-training/apps/frappe/frappe/utils/scheduler.py:
Site: warehouse
Queued events for site warehouse
[DEBUG] 2019-06-30 09:09:21,231 | /home/ilhmndn/frappe-training/apps/frappe/frappe/utils/scheduler.py:
Site: mdb.training.local
Queued events for site mdb.training.local
[DEBUG] 2019-06-30 09:09:21,297 | /home/ilhmndn/frappe-training/apps/frappe/frappe/utils/scheduler.py:
Site: warehouse
Queued events for site warehouse
[DEBUG] 2019-06-30 09:10:21,471 | /home/ilhmndn/frappe-training/apps/frappe/frappe/utils/scheduler.py:
Site: mdb.training.local
Queued events for site mdb.training.local
[DEBUG] 2019-06-30 09:10:21,517 | /home/ilhmndn/frappe-training/apps/frappe/frappe/utils/scheduler.py:
Site: warehouse
Queued events for site warehouse
[DEBUG] 2019-06-30 09:11:21,673 | /home/ilhmndn/frappe-training/apps/frappe/frappe/utils/scheduler.py:
Site: mdb.training.local
Queued events for site mdb.training.local
[DEBUG] 2019-06-30 09:11:21,727 | /home/ilhmndn/frappe-training/apps/frappe/frappe/utils/scheduler.py:
Site: warehouse
Queued events for site warehouse
[DEBUG] 2019-06-30 09:12:22,009 | /home/ilhmndn/frappe-training/apps/frappe/frappe/utils/scheduler.py:
Site: mdb.training.local
Queued events for site mdb.training.local
[DEBUG] 2019-06-30 09:12:22,186 | /home/ilhmndn/frappe-training/apps/frappe/frappe/utils/scheduler.py:
Site: warehouse
Queued events for site warehouse
[DEBUG] 2019-06-30 09:13:22,315 | /home/ilhmndn/frappe-training/apps/frappe/frappe/utils/scheduler.py:
Site: mdb.training.local
Queued events for site mdb.training.local
[DEBUG] 2019-06-30 09:13:22,364 | /home/ilhmndn/frappe-training/apps/frappe/frappe/utils/scheduler.py:
Site: warehouse
Queued events for site warehouse
[DEBUG] 2019-06-30 09:14:22,570 | /home/ilhmndn/frappe-training/apps/frappe/frappe/utils/scheduler.py:
Site: mdb.training.local
Queued events for site mdb.training.local
[DEBUG] 2019-06-30 09:14:22,628 | /home/ilhmndn/frappe-training/apps/frappe/frappe/utils/scheduler.py:
Site: warehouse
Queued events for site warehouse
[DEBUG] 2019-06-30 09:15:22,855 | /home/ilhmndn/frappe-training/apps/frappe/frappe/utils/scheduler.py:
Site: mdb.training.local
Queued events for site mdb.training.local
[DEBUG] 2019-06-30 09:15:22,991 | /home/ilhmndn/frappe-training/apps/frappe/frappe/utils/scheduler.py:
Site: warehouse
Queued events for site warehouse
[DEBUG] 2019-06-30 09:16:23,228 | /home/ilhmndn/frappe-training/apps/frappe/frappe/utils/scheduler.py:
Site: mdb.training.local
Queued events for site mdb.training.local
[DEBUG] 2019-06-30 09:16:23,455 | /home/ilhmndn/frappe-training/apps/frappe/frappe/utils/scheduler.py:
Site: warehouse
Queued events for site warehouse
[DEBUG] 2019-06-30 09:17:23,642 | /home/ilhmndn/frappe-training/apps/frappe/frappe/utils/scheduler.py:
Site: mdb.training.local
Queued events for site mdb.training.local
[DEBUG] 2019-06-30 09:17:23,708 | /home/ilhmndn/frappe-training/apps/frappe/frappe/utils/scheduler.py:
Site: warehouse
Queued events for site warehouse
[DEBUG] 2019-06-30 09:18:23,863 | /home/ilhmndn/frappe-training/apps/frappe/frappe/utils/scheduler.py:
Site: mdb.training.local
Queued events for site mdb.training.local
[DEBUG] 2019-06-30 09:18:23,915 | /home/ilhmndn/frappe-training/apps/frappe/frappe/utils/scheduler.py:
Site: warehouse
Queued events for site warehouse
[DEBUG] 2019-06-30 09:19:24,083 | /home/ilhmndn/frappe-training/apps/frappe/frappe/utils/scheduler.py:
Site: mdb.training.local
Queued events for site mdb.training.local
[DEBUG] 2019-06-30 09:19:24,132 | /home/ilhmndn/frappe-training/apps/frappe/frappe/utils/scheduler.py:
Site: warehouse
Queued events for site warehouse
[DEBUG] 2019-06-30 09:20:24,379 | /home/ilhmndn/frappe-training/apps/frappe/frappe/utils/scheduler.py:
Site: mdb.training.local
Queued events for site mdb.training.local
[DEBUG] 2019-06-30 09:20:24,580 | /home/ilhmndn/frappe-training/apps/frappe/frappe/utils/scheduler.py:
Site: warehouse
Queued events for site warehouse
[DEBUG] 2019-06-30 09:21:24,729 | /home/ilhmndn/frappe-training/apps/frappe/frappe/utils/scheduler.py:
Site: mdb.training.local
Queued events for site mdb.training.local
[DEBUG] 2019-06-30 09:21:24,812 | /home/ilhmndn/frappe-training/apps/frappe/frappe/utils/scheduler.py:
Site: warehouse
Queued events for site warehouse
[DEBUG] 2019-06-30 09:22:24,969 | /home/ilhmndn/frappe-training/apps/frappe/frappe/utils/scheduler.py:
Site: mdb.training.local
Queued events for site mdb.training.local
[DEBUG] 2019-06-30 09:22:25,033 | /home/ilhmndn/frappe-training/apps/frappe/frappe/utils/scheduler.py:
Site: warehouse
Queued events for site warehouse
[DEBUG] 2019-06-30 09:23:25,212 | /home/ilhmndn/frappe-training/apps/frappe/frappe/utils/scheduler.py:
Site: mdb.training.local
Queued events for site mdb.training.local
[DEBUG] 2019-06-30 09:23:25,299 | /home/ilhmndn/frappe-training/apps/frappe/frappe/utils/scheduler.py:
Site: warehouse
Queued events for site warehouse
[DEBUG] 2019-06-30 09:24:25,580 | /home/ilhmndn/frappe-training/apps/frappe/frappe/utils/scheduler.py:
Site: mdb.training.local
Queued events for site mdb.training.local
[DEBUG] 2019-06-30 09:24:25,829 | /home/ilhmndn/frappe-training/apps/frappe/frappe/utils/scheduler.py:
Site: warehouse
Queued events for site warehouse
[DEBUG] 2019-06-30 09:25:25,978 | /home/ilhmndn/frappe-training/apps/frappe/frappe/utils/scheduler.py:
Site: mdb.training.local
Queued events for site mdb.training.local
[DEBUG] 2019-06-30 09:25:26,034 | /home/ilhmndn/frappe-training/apps/frappe/frappe/utils/scheduler.py:
Site: warehouse
Queued events for site warehouse
[DEBUG] 2019-06-30 09:26:26,173 | /home/ilhmndn/frappe-training/apps/frappe/frappe/utils/scheduler.py:
Site: mdb.training.local
Queued events for site mdb.training.local
[DEBUG] 2019-06-30 09:26:26,215 | /home/ilhmndn/frappe-training/apps/frappe/frappe/utils/scheduler.py:
Site: warehouse
Queued events for site warehouse
[DEBUG] 2019-06-30 09:27:26,360 | /home/ilhmndn/frappe-training/apps/frappe/frappe/utils/scheduler.py:
Site: mdb.training.local
Queued events for site mdb.training.local
[DEBUG] 2019-06-30 09:27:26,416 | /home/ilhmndn/frappe-training/apps/frappe/frappe/utils/scheduler.py:
Site: warehouse
Queued events for site warehouse
[DEBUG] 2019-06-30 09:28:26,624 | /home/ilhmndn/frappe-training/apps/frappe/frappe/utils/scheduler.py:
Site: mdb.training.local
Queued events for site mdb.training.local
[DEBUG] 2019-06-30 09:28:26,789 | /home/ilhmndn/frappe-training/apps/frappe/frappe/utils/scheduler.py:
Site: warehouse
Queued events for site warehouse
[DEBUG] 2019-06-30 09:29:26,935 | /home/ilhmndn/frappe-training/apps/frappe/frappe/utils/scheduler.py:
Site: mdb.training.local
Queued events for site mdb.training.local
[DEBUG] 2019-06-30 09:29:26,989 | /home/ilhmndn/frappe-training/apps/frappe/frappe/utils/scheduler.py:
Site: warehouse
Queued events for site warehouse
[DEBUG] 2019-06-30 09:30:27,216 | /home/ilhmndn/frappe-training/apps/frappe/frappe/utils/scheduler.py:
Site: mdb.training.local
Queued events for site mdb.training.local
[DEBUG] 2019-06-30 09:30:27,271 | /home/ilhmndn/frappe-training/apps/frappe/frappe/utils/scheduler.py:
Site: warehouse
Queued events for site warehouse
[DEBUG] 2019-06-30 09:31:27,427 | /home/ilhmndn/frappe-training/apps/frappe/frappe/utils/scheduler.py:
Site: mdb.training.local
Queued events for site mdb.training.local
[DEBUG] 2019-06-30 09:31:27,469 | /home/ilhmndn/frappe-training/apps/frappe/frappe/utils/scheduler.py:
Site: warehouse
Queued events for site warehouse
[DEBUG] 2019-06-30 09:32:27,711 | /home/ilhmndn/frappe-training/apps/frappe/frappe/utils/scheduler.py:
Site: mdb.training.local
Queued events for site mdb.training.local
[DEBUG] 2019-06-30 09:32:27,953 | /home/ilhmndn/frappe-training/apps/frappe/frappe/utils/scheduler.py:
Site: warehouse
Queued events for site warehouse
[DEBUG] 2019-06-30 09:33:28,132 | /home/ilhmndn/frappe-training/apps/frappe/frappe/utils/scheduler.py:
Site: mdb.training.local
Queued events for site mdb.training.local
[DEBUG] 2019-06-30 09:33:28,186 | /home/ilhmndn/frappe-training/apps/frappe/frappe/utils/scheduler.py:
Site: warehouse
Queued events for site warehouse
[DEBUG] 2019-06-30 09:34:28,346 | /home/ilhmndn/frappe-training/apps/frappe/frappe/utils/scheduler.py:
Site: mdb.training.local
Queued events for site mdb.training.local
[DEBUG] 2019-06-30 09:34:28,421 | /home/ilhmndn/frappe-training/apps/frappe/frappe/utils/scheduler.py:
Site: warehouse
Queued events for site warehouse
[DEBUG] 2019-06-30 09:35:28,664 | /home/ilhmndn/frappe-training/apps/frappe/frappe/utils/scheduler.py:
Site: mdb.training.local
Queued events for site mdb.training.local
[DEBUG] 2019-06-30 09:35:28,843 | /home/ilhmndn/frappe-training/apps/frappe/frappe/utils/scheduler.py:
Site: warehouse
Queued events for site warehouse
[DEBUG] 2019-06-30 09:36:29,084 | /home/ilhmndn/frappe-training/apps/frappe/frappe/utils/scheduler.py:
Site: mdb.training.local
Queued events for site mdb.training.local
[DEBUG] 2019-06-30 09:36:29,258 | /home/ilhmndn/frappe-training/apps/frappe/frappe/utils/scheduler.py:
Site: warehouse
Queued events for site warehouse
[DEBUG] 2019-06-30 09:37:29,410 | /home/ilhmndn/frappe-training/apps/frappe/frappe/utils/scheduler.py:
Site: mdb.training.local
Queued events for site mdb.training.local
[DEBUG] 2019-06-30 09:37:29,468 | /home/ilhmndn/frappe-training/apps/frappe/frappe/utils/scheduler.py:
Site: warehouse
Queued events for site warehouse
[DEBUG] 2019-06-30 09:38:29,639 | /home/ilhmndn/frappe-training/apps/frappe/frappe/utils/scheduler.py:
Site: mdb.training.local
Queued events for site mdb.training.local
[DEBUG] 2019-06-30 09:38:29,692 | /home/ilhmndn/frappe-training/apps/frappe/frappe/utils/scheduler.py:
Site: warehouse
Queued events for site warehouse
[DEBUG] 2019-06-30 09:39:29,831 | /home/ilhmndn/frappe-training/apps/frappe/frappe/utils/scheduler.py:
Site: mdb.training.local
Queued events for site mdb.training.local
[DEBUG] 2019-06-30 09:39:29,883 | /home/ilhmndn/frappe-training/apps/frappe/frappe/utils/scheduler.py:
Site: warehouse
Queued events for site warehouse
[DEBUG] 2019-06-30 09:40:30,097 | /home/ilhmndn/frappe-training/apps/frappe/frappe/utils/scheduler.py:
Site: mdb.training.local
Queued events for site mdb.training.local
[DEBUG] 2019-06-30 09:40:30,299 | /home/ilhmndn/frappe-training/apps/frappe/frappe/utils/scheduler.py:
Site: warehouse
Queued events for site warehouse
[DEBUG] 2019-06-30 09:41:30,434 | /home/ilhmndn/frappe-training/apps/frappe/frappe/utils/scheduler.py:
Site: mdb.training.local
Queued events for site mdb.training.local
[DEBUG] 2019-06-30 09:41:30,496 | /home/ilhmndn/frappe-training/apps/frappe/frappe/utils/scheduler.py:
Site: warehouse
Queued events for site warehouse
[DEBUG] 2019-06-30 09:42:30,641 | /home/ilhmndn/frappe-training/apps/frappe/frappe/utils/scheduler.py:
Site: mdb.training.local
Queued events for site mdb.training.local
[DEBUG] 2019-06-30 09:42:30,696 | /home/ilhmndn/frappe-training/apps/frappe/frappe/utils/scheduler.py:
Site: warehouse
Queued events for site warehouse
[DEBUG] 2019-06-30 09:43:30,866 | /home/ilhmndn/frappe-training/apps/frappe/frappe/utils/scheduler.py:
Site: mdb.training.local
Queued events for site mdb.training.local
[DEBUG] 2019-06-30 09:43:30,924 | /home/ilhmndn/frappe-training/apps/frappe/frappe/utils/scheduler.py:
Site: warehouse
Queued events for site warehouse
[DEBUG] 2019-06-30 09:44:31,176 | /home/ilhmndn/frappe-training/apps/frappe/frappe/utils/scheduler.py:
Site: mdb.training.local
Queued events for site mdb.training.local
[DEBUG] 2019-06-30 09:44:31,386 | /home/ilhmndn/frappe-training/apps/frappe/frappe/utils/scheduler.py:
Site: warehouse
Queued events for site warehouse
[DEBUG] 2019-06-30 09:45:31,529 | /home/ilhmndn/frappe-training/apps/frappe/frappe/utils/scheduler.py:
Site: mdb.training.local
Queued events for site mdb.training.local
[DEBUG] 2019-06-30 09:45:31,600 | /home/ilhmndn/frappe-training/apps/frappe/frappe/utils/scheduler.py:
Site: warehouse
Queued events for site warehouse
[DEBUG] 2019-06-30 09:46:31,998 | /home/ilhmndn/frappe-training/apps/frappe/frappe/utils/scheduler.py:
Site: mdb.training.local
Queued events for site mdb.training.local
[DEBUG] 2019-06-30 09:46:32,054 | /home/ilhmndn/frappe-training/apps/frappe/frappe/utils/scheduler.py:
Site: warehouse
Queued events for site warehouse
[DEBUG] 2019-06-30 09:47:32,246 | /home/ilhmndn/frappe-training/apps/frappe/frappe/utils/scheduler.py:
Site: mdb.training.local
Queued events for site mdb.training.local
[DEBUG] 2019-06-30 09:47:32,312 | /home/ilhmndn/frappe-training/apps/frappe/frappe/utils/scheduler.py:
Site: warehouse
Queued events for site warehouse
[DEBUG] 2019-06-30 09:48:32,531 | /home/ilhmndn/frappe-training/apps/frappe/frappe/utils/scheduler.py:
Site: mdb.training.local
Queued events for site mdb.training.local
[DEBUG] 2019-06-30 09:48:32,746 | /home/ilhmndn/frappe-training/apps/frappe/frappe/utils/scheduler.py:
Site: warehouse
Queued events for site warehouse
[DEBUG] 2019-06-30 09:49:32,908 | /home/ilhmndn/frappe-training/apps/frappe/frappe/utils/scheduler.py:
Site: mdb.training.local
Queued events for site mdb.training.local
[DEBUG] 2019-06-30 09:49:32,972 | /home/ilhmndn/frappe-training/apps/frappe/frappe/utils/scheduler.py:
Site: warehouse
Queued events for site warehouse
[DEBUG] 2019-06-30 09:50:33,114 | /home/ilhmndn/frappe-training/apps/frappe/frappe/utils/scheduler.py:
Site: mdb.training.local
Queued events for site mdb.training.local
[DEBUG] 2019-06-30 09:50:33,170 | /home/ilhmndn/frappe-training/apps/frappe/frappe/utils/scheduler.py:
Site: warehouse
Queued events for site warehouse
[DEBUG] 2019-06-30 09:51:33,317 | /home/ilhmndn/frappe-training/apps/frappe/frappe/utils/scheduler.py:
Site: mdb.training.local
Queued events for site mdb.training.local
[DEBUG] 2019-06-30 09:51:33,373 | /home/ilhmndn/frappe-training/apps/frappe/frappe/utils/scheduler.py:
Site: warehouse
Queued events for site warehouse
[DEBUG] 2019-06-30 09:52:33,605 | /home/ilhmndn/frappe-training/apps/frappe/frappe/utils/scheduler.py:
Site: mdb.training.local
Queued events for site mdb.training.local
[DEBUG] 2019-06-30 09:52:33,868 | /home/ilhmndn/frappe-training/apps/frappe/frappe/utils/scheduler.py:
Site: warehouse
Queued events for site warehouse
[DEBUG] 2019-06-30 09:53:34,024 | /home/ilhmndn/frappe-training/apps/frappe/frappe/utils/scheduler.py:
Site: mdb.training.local
Queued events for site mdb.training.local
[DEBUG] 2019-06-30 09:53:34,078 | /home/ilhmndn/frappe-training/apps/frappe/frappe/utils/scheduler.py:
Site: warehouse
Queued events for site warehouse
[DEBUG] 2019-06-30 09:54:34,239 | /home/ilhmndn/frappe-training/apps/frappe/frappe/utils/scheduler.py:
Site: mdb.training.local
Queued events for site mdb.training.local
[DEBUG] 2019-06-30 09:54:34,312 | /home/ilhmndn/frappe-training/apps/frappe/frappe/utils/scheduler.py:
Site: warehouse
Queued events for site warehouse
[DEBUG] 2019-06-30 09:55:34,463 | /home/ilhmndn/frappe-training/apps/frappe/frappe/utils/scheduler.py:
Site: mdb.training.local
Queued events for site mdb.training.local
[DEBUG] 2019-06-30 09:55:34,518 | /home/ilhmndn/frappe-training/apps/frappe/frappe/utils/scheduler.py:
Site: warehouse
Queued events for site warehouse
[DEBUG] 2019-06-30 09:56:34,753 | /home/ilhmndn/frappe-training/apps/frappe/frappe/utils/scheduler.py:
Site: mdb.training.local
Queued events for site mdb.training.local
[DEBUG] 2019-06-30 09:56:34,951 | /home/ilhmndn/frappe-training/apps/frappe/frappe/utils/scheduler.py:
Site: warehouse
Queued events for site warehouse
[DEBUG] 2019-06-30 09:57:35,347 | /home/ilhmndn/frappe-training/apps/frappe/frappe/utils/scheduler.py:
Site: mdb.training.local
Queued events for site mdb.training.local
[DEBUG] 2019-06-30 09:57:35,397 | /home/ilhmndn/frappe-training/apps/frappe/frappe/utils/scheduler.py:
Site: warehouse
Queued events for site warehouse
[DEBUG] 2019-06-30 09:58:35,539 | /home/ilhmndn/frappe-training/apps/frappe/frappe/utils/scheduler.py:
Site: mdb.training.local
Queued events for site mdb.training.local
[DEBUG] 2019-06-30 09:58:35,596 | /home/ilhmndn/frappe-training/apps/frappe/frappe/utils/scheduler.py:
Site: warehouse
Queued events for site warehouse
[DEBUG] 2019-06-30 09:59:35,743 | /home/ilhmndn/frappe-training/apps/frappe/frappe/utils/scheduler.py:
Site: mdb.training.local
Queued events for site mdb.training.local
[DEBUG] 2019-06-30 09:59:35,798 | /home/ilhmndn/frappe-training/apps/frappe/frappe/utils/scheduler.py:
Site: warehouse
Queued events for site warehouse
[DEBUG] 2019-06-30 10:00:36,150 | /home/ilhmndn/frappe-training/apps/frappe/frappe/utils/scheduler.py:
Site: mdb.training.local
Queued events for site mdb.training.local
[DEBUG] 2019-06-30 10:00:36,454 | /home/ilhmndn/frappe-training/apps/frappe/frappe/utils/scheduler.py:
Site: warehouse
Queued events for site warehouse
[DEBUG] 2019-06-30 10:01:36,606 | /home/ilhmndn/frappe-training/apps/frappe/frappe/utils/scheduler.py:
Site: mdb.training.local
Queued events for site mdb.training.local
[DEBUG] 2019-06-30 10:01:36,672 | /home/ilhmndn/frappe-training/apps/frappe/frappe/utils/scheduler.py:
Site: warehouse
Queued events for site warehouse
[DEBUG] 2019-06-30 10:02:36,836 | /home/ilhmndn/frappe-training/apps/frappe/frappe/utils/scheduler.py:
Site: mdb.training.local
Queued events for site mdb.training.local
[DEBUG] 2019-06-30 10:02:36,900 | /home/ilhmndn/frappe-training/apps/frappe/frappe/utils/scheduler.py:
Site: warehouse
Queued events for site warehouse
[DEBUG] 2019-06-30 10:03:37,059 | /home/ilhmndn/frappe-training/apps/frappe/frappe/utils/scheduler.py:
Site: mdb.training.local
Queued events for site mdb.training.local
[DEBUG] 2019-06-30 10:03:37,111 | /home/ilhmndn/frappe-training/apps/frappe/frappe/utils/scheduler.py:
Site: warehouse
Queued events for site warehouse
[DEBUG] 2019-06-30 10:04:37,346 | /home/ilhmndn/frappe-training/apps/frappe/frappe/utils/scheduler.py:
Site: mdb.training.local
Queued events for site mdb.training.local
[DEBUG] 2019-06-30 10:04:37,710 | /home/ilhmndn/frappe-training/apps/frappe/frappe/utils/scheduler.py:
Site: warehouse
Queued events for site warehouse
[DEBUG] 2019-06-30 10:05:37,847 | /home/ilhmndn/frappe-training/apps/frappe/frappe/utils/scheduler.py:
Site: mdb.training.local
Queued events for site mdb.training.local
[DEBUG] 2019-06-30 10:05:37,895 | /home/ilhmndn/frappe-training/apps/frappe/frappe/utils/scheduler.py:
Site: warehouse
Queued events for site warehouse
[DEBUG] 2019-06-30 10:06:38,047 | /home/ilhmndn/frappe-training/apps/frappe/frappe/utils/scheduler.py:
Site: mdb.training.local
Queued events for site mdb.training.local
[DEBUG] 2019-06-30 10:06:38,106 | /home/ilhmndn/frappe-training/apps/frappe/frappe/utils/scheduler.py:
Site: warehouse
Queued events for site warehouse
[DEBUG] 2019-06-30 10:07:38,285 | /home/ilhmndn/frappe-training/apps/frappe/frappe/utils/scheduler.py:
Site: mdb.training.local
Queued events for site mdb.training.local
[DEBUG] 2019-06-30 10:07:38,338 | /home/ilhmndn/frappe-training/apps/frappe/frappe/utils/scheduler.py:
Site: warehouse
Queued events for site warehouse
[DEBUG] 2019-06-30 10:08:38,601 | /home/ilhmndn/frappe-training/apps/frappe/frappe/utils/scheduler.py:
Site: mdb.training.local
Queued events for site mdb.training.local
[DEBUG] 2019-06-30 10:08:38,827 | /home/ilhmndn/frappe-training/apps/frappe/frappe/utils/scheduler.py:
Site: warehouse
Queued events for site warehouse
[DEBUG] 2019-06-30 10:09:38,972 | /home/ilhmndn/frappe-training/apps/frappe/frappe/utils/scheduler.py:
Site: mdb.training.local
Queued events for site mdb.training.local
[DEBUG] 2019-06-30 10:09:39,024 | /home/ilhmndn/frappe-training/apps/frappe/frappe/utils/scheduler.py:
Site: warehouse
Queued events for site warehouse
[DEBUG] 2019-06-30 10:10:39,176 | /home/ilhmndn/frappe-training/apps/frappe/frappe/utils/scheduler.py:
Site: mdb.training.local
Queued events for site mdb.training.local
[DEBUG] 2019-06-30 10:10:39,225 | /home/ilhmndn/frappe-training/apps/frappe/frappe/utils/scheduler.py:
Site: warehouse
Queued events for site warehouse
[DEBUG] 2019-06-30 10:11:39,899 | /home/ilhmndn/frappe-training/apps/frappe/frappe/utils/scheduler.py:
Site: mdb.training.local
Queued events for site mdb.training.local
[DEBUG] 2019-06-30 10:11:39,954 | /home/ilhmndn/frappe-training/apps/frappe/frappe/utils/scheduler.py:
Site: warehouse
Queued events for site warehouse
[DEBUG] 2019-06-30 10:12:40,180 | /home/ilhmndn/frappe-training/apps/frappe/frappe/utils/scheduler.py:
Site: mdb.training.local
Queued events for site mdb.training.local
[DEBUG] 2019-06-30 10:12:40,477 | /home/ilhmndn/frappe-training/apps/frappe/frappe/utils/scheduler.py:
Site: warehouse
Queued events for site warehouse
[DEBUG] 2019-06-30 10:13:40,647 | /home/ilhmndn/frappe-training/apps/frappe/frappe/utils/scheduler.py:
Site: mdb.training.local
Queued events for site mdb.training.local
[DEBUG] 2019-06-30 10:13:40,703 | /home/ilhmndn/frappe-training/apps/frappe/frappe/utils/scheduler.py:
Site: warehouse
Queued events for site warehouse
[DEBUG] 2019-06-30 10:14:40,853 | /home/ilhmndn/frappe-training/apps/frappe/frappe/utils/scheduler.py:
Site: mdb.training.local
Queued events for site mdb.training.local
[DEBUG] 2019-06-30 10:14:40,910 | /home/ilhmndn/frappe-training/apps/frappe/frappe/utils/scheduler.py:
Site: warehouse
Queued events for site warehouse
[DEBUG] 2019-06-30 10:15:41,082 | /home/ilhmndn/frappe-training/apps/frappe/frappe/utils/scheduler.py:
Site: mdb.training.local
Queued events for site mdb.training.local
[DEBUG] 2019-06-30 10:15:41,145 | /home/ilhmndn/frappe-training/apps/frappe/frappe/utils/scheduler.py:
Site: warehouse
Queued events for site warehouse
[DEBUG] 2019-06-30 10:16:41,394 | /home/ilhmndn/frappe-training/apps/frappe/frappe/utils/scheduler.py:
Site: mdb.training.local
Queued events for site mdb.training.local
[DEBUG] 2019-06-30 10:16:41,535 | /home/ilhmndn/frappe-training/apps/frappe/frappe/utils/scheduler.py:
Site: warehouse
Queued events for site warehouse
[DEBUG] 2019-06-30 10:17:41,697 | /home/ilhmndn/frappe-training/apps/frappe/frappe/utils/scheduler.py:
Site: mdb.training.local
Queued events for site mdb.training.local
[DEBUG] 2019-06-30 10:17:41,764 | /home/ilhmndn/frappe-training/apps/frappe/frappe/utils/scheduler.py:
Site: warehouse
Queued events for site warehouse
[DEBUG] 2019-06-30 10:18:41,900 | /home/ilhmndn/frappe-training/apps/frappe/frappe/utils/scheduler.py:
Site: mdb.training.local
Queued events for site mdb.training.local
[DEBUG] 2019-06-30 10:18:41,975 | /home/ilhmndn/frappe-training/apps/frappe/frappe/utils/scheduler.py:
Site: warehouse
Queued events for site warehouse
[DEBUG] 2019-06-30 10:19:42,113 | /home/ilhmndn/frappe-training/apps/frappe/frappe/utils/scheduler.py:
Site: mdb.training.local
Queued events for site mdb.training.local
[DEBUG] 2019-06-30 10:19:42,157 | /home/ilhmndn/frappe-training/apps/frappe/frappe/utils/scheduler.py:
Site: warehouse
Queued events for site warehouse
[DEBUG] 2019-06-30 10:20:42,423 | /home/ilhmndn/frappe-training/apps/frappe/frappe/utils/scheduler.py:
Site: mdb.training.local
Queued events for site mdb.training.local
[DEBUG] 2019-06-30 10:20:42,682 | /home/ilhmndn/frappe-training/apps/frappe/frappe/utils/scheduler.py:
Site: warehouse
Queued events for site warehouse
[DEBUG] 2019-06-30 10:21:42,825 | /home/ilhmndn/frappe-training/apps/frappe/frappe/utils/scheduler.py:
Site: mdb.training.local
Queued events for site mdb.training.local
[DEBUG] 2019-06-30 10:21:42,878 | /home/ilhmndn/frappe-training/apps/frappe/frappe/utils/scheduler.py:
Site: warehouse
Queued events for site warehouse
[DEBUG] 2019-06-30 19:08:53,752 | /home/ilhmndn/frappe-training/apps/frappe/frappe/utils/scheduler.py:
Site: mdb.training.local
Queued events for site mdb.training.local
[DEBUG] 2019-06-30 19:08:54,175 | /home/ilhmndn/frappe-training/apps/frappe/frappe/utils/scheduler.py:
Site: warehouse
Queued events for site warehouse
[DEBUG] 2019-06-30 19:09:54,383 | /home/ilhmndn/frappe-training/apps/frappe/frappe/utils/scheduler.py:
Site: mdb.training.local
Queued events for site mdb.training.local
[DEBUG] 2019-06-30 19:09:54,480 | /home/ilhmndn/frappe-training/apps/frappe/frappe/utils/scheduler.py:
Site: warehouse
Queued events for site warehouse
[DEBUG] 2019-06-30 19:10:54,669 | /home/ilhmndn/frappe-training/apps/frappe/frappe/utils/scheduler.py:
Site: mdb.training.local
Queued events for site mdb.training.local
[DEBUG] 2019-06-30 19:10:54,750 | /home/ilhmndn/frappe-training/apps/frappe/frappe/utils/scheduler.py:
Site: warehouse
Queued events for site warehouse
[DEBUG] 2019-06-30 19:11:54,969 | /home/ilhmndn/frappe-training/apps/frappe/frappe/utils/scheduler.py:
Site: mdb.training.local
Queued events for site mdb.training.local
[DEBUG] 2019-06-30 19:11:55,065 | /home/ilhmndn/frappe-training/apps/frappe/frappe/utils/scheduler.py:
Site: warehouse
Queued events for site warehouse
[DEBUG] 2019-06-30 19:12:55,368 | /home/ilhmndn/frappe-training/apps/frappe/frappe/utils/scheduler.py:
Site: mdb.training.local
Queued events for site mdb.training.local
[DEBUG] 2019-06-30 19:12:55,648 | /home/ilhmndn/frappe-training/apps/frappe/frappe/utils/scheduler.py:
Site: warehouse
Queued events for site warehouse
[DEBUG] 2019-06-30 19:13:55,767 | /home/ilhmndn/frappe-training/apps/frappe/frappe/utils/scheduler.py:
Site: mdb.training.local
Queued events for site mdb.training.local
[DEBUG] 2019-06-30 19:13:55,814 | /home/ilhmndn/frappe-training/apps/frappe/frappe/utils/scheduler.py:
Site: warehouse
Queued events for site warehouse
[DEBUG] 2019-06-30 19:14:55,971 | /home/ilhmndn/frappe-training/apps/frappe/frappe/utils/scheduler.py:
Site: mdb.training.local
Queued events for site mdb.training.local
[DEBUG] 2019-06-30 19:14:56,051 | /home/ilhmndn/frappe-training/apps/frappe/frappe/utils/scheduler.py:
Site: warehouse
Queued events for site warehouse
[DEBUG] 2019-06-30 19:15:56,215 | /home/ilhmndn/frappe-training/apps/frappe/frappe/utils/scheduler.py:
Site: mdb.training.local
Queued events for site mdb.training.local
[DEBUG] 2019-06-30 19:15:56,337 | /home/ilhmndn/frappe-training/apps/frappe/frappe/utils/scheduler.py:
Site: warehouse
Queued events for site warehouse
[DEBUG] 2019-06-30 19:16:56,610 | /home/ilhmndn/frappe-training/apps/frappe/frappe/utils/scheduler.py:
Site: mdb.training.local
Queued events for site mdb.training.local
[DEBUG] 2019-06-30 19:16:56,847 | /home/ilhmndn/frappe-training/apps/frappe/frappe/utils/scheduler.py:
Site: warehouse
Queued events for site warehouse
[DEBUG] 2019-06-30 19:17:57,032 | /home/ilhmndn/frappe-training/apps/frappe/frappe/utils/scheduler.py:
Site: mdb.training.local
Queued events for site mdb.training.local
[DEBUG] 2019-06-30 19:17:57,088 | /home/ilhmndn/frappe-training/apps/frappe/frappe/utils/scheduler.py:
Site: warehouse
Queued events for site warehouse
[DEBUG] 2019-06-30 19:18:57,243 | /home/ilhmndn/frappe-training/apps/frappe/frappe/utils/scheduler.py:
Site: mdb.training.local
Queued events for site mdb.training.local
[DEBUG] 2019-06-30 19:18:57,336 | /home/ilhmndn/frappe-training/apps/frappe/frappe/utils/scheduler.py:
Site: warehouse
Queued events for site warehouse
[DEBUG] 2019-06-30 19:19:57,460 | /home/ilhmndn/frappe-training/apps/frappe/frappe/utils/scheduler.py:
Site: mdb.training.local
Queued events for site mdb.training.local
[DEBUG] 2019-06-30 19:19:57,503 | /home/ilhmndn/frappe-training/apps/frappe/frappe/utils/scheduler.py:
Site: warehouse
Queued events for site warehouse
[DEBUG] 2019-06-30 19:20:57,772 | /home/ilhmndn/frappe-training/apps/frappe/frappe/utils/scheduler.py:
Site: mdb.training.local
Queued events for site mdb.training.local
[DEBUG] 2019-06-30 19:20:57,964 | /home/ilhmndn/frappe-training/apps/frappe/frappe/utils/scheduler.py:
Site: warehouse
Queued events for site warehouse
[DEBUG] 2019-06-30 19:21:58,131 | /home/ilhmndn/frappe-training/apps/frappe/frappe/utils/scheduler.py:
Site: mdb.training.local
Queued events for site mdb.training.local
[DEBUG] 2019-06-30 19:21:58,204 | /home/ilhmndn/frappe-training/apps/frappe/frappe/utils/scheduler.py:
Site: warehouse
Queued events for site warehouse
[DEBUG] 2019-06-30 19:22:58,362 | /home/ilhmndn/frappe-training/apps/frappe/frappe/utils/scheduler.py:
Site: mdb.training.local
Queued events for site mdb.training.local
[DEBUG] 2019-06-30 19:22:58,437 | /home/ilhmndn/frappe-training/apps/frappe/frappe/utils/scheduler.py:
Site: warehouse
Queued events for site warehouse
[DEBUG] 2019-06-30 19:23:58,716 | /home/ilhmndn/frappe-training/apps/frappe/frappe/utils/scheduler.py:
Site: mdb.training.local
Queued events for site mdb.training.local
[DEBUG] 2019-06-30 19:23:58,763 | /home/ilhmndn/frappe-training/apps/frappe/frappe/utils/scheduler.py:
Site: warehouse
Queued events for site warehouse
[DEBUG] 2019-06-30 19:24:59,005 | /home/ilhmndn/frappe-training/apps/frappe/frappe/utils/scheduler.py:
Site: mdb.training.local
Queued events for site mdb.training.local
[DEBUG] 2019-06-30 19:24:59,164 | /home/ilhmndn/frappe-training/apps/frappe/frappe/utils/scheduler.py:
Site: warehouse
Queued events for site warehouse
[DEBUG] 2019-06-30 19:25:59,352 | /home/ilhmndn/frappe-training/apps/frappe/frappe/utils/scheduler.py:
Site: mdb.training.local
Queued events for site mdb.training.local
[DEBUG] 2019-06-30 19:25:59,410 | /home/ilhmndn/frappe-training/apps/frappe/frappe/utils/scheduler.py:
Site: warehouse
Queued events for site warehouse
[DEBUG] 2019-06-30 19:26:59,554 | /home/ilhmndn/frappe-training/apps/frappe/frappe/utils/scheduler.py:
Site: mdb.training.local
Queued events for site mdb.training.local
[DEBUG] 2019-06-30 19:26:59,632 | /home/ilhmndn/frappe-training/apps/frappe/frappe/utils/scheduler.py:
Site: warehouse
Queued events for site warehouse
[DEBUG] 2019-06-30 19:27:59,832 | /home/ilhmndn/frappe-training/apps/frappe/frappe/utils/scheduler.py:
Site: mdb.training.local
Queued events for site mdb.training.local
[DEBUG] 2019-06-30 19:27:59,913 | /home/ilhmndn/frappe-training/apps/frappe/frappe/utils/scheduler.py:
Site: warehouse
Queued events for site warehouse
[DEBUG] 2019-06-30 19:29:00,208 | /home/ilhmndn/frappe-training/apps/frappe/frappe/utils/scheduler.py:
Site: mdb.training.local
Queued events for site mdb.training.local
[DEBUG] 2019-06-30 19:29:00,393 | /home/ilhmndn/frappe-training/apps/frappe/frappe/utils/scheduler.py:
Site: warehouse
Queued events for site warehouse
[ERROR] 2019-06-30 19:29:10,545 | /home/ilhmndn/frappe-training/apps/frappe/frappe/app.py:
Site: mdb.training.local
Form Dict: {
 "action": "Save",
 "cmd": "frappe.desk.form.save.savedocs",
 "doc": "{\"docstatus\":0,\"doctype\":\"Master Gudang\",\"name\":\"New Master Gudang 2\",\"__islocal\":1,\"__unsaved\":1,\"owner\":\"Administrator\",\"naming_series\":\"GUDANG-.###\",\"status\":\"Tersedia\",\"nama_gudang\":\"Gudang pasir\",\"alamat\":\"Bandung\",\"no_telepon\":\"08585\",\"kapasitas_penyimpanan\":\"4000\",\"request_line_barang\":[{\"docstatus\":0,\"doctype\":\"Request Line Barang\",\"name\":\"New Request Line Barang 3\",\"__islocal\":1,\"__unsaved\":1,\"owner\":\"Administrator\",\"parent\":\"New Master Gudang 2\",\"parentfield\":\"request_line_barang\",\"parenttype\":\"Master Gudang\",\"idx\":1,\"__unedited\":false,\"nama_barang\":\"Pasir Kediri\",\"jenis_barang\":\"Pasir\",\"qty\":\"400\",\"satuan\":\"Ton\",\"kode_barang\":\"BARANG-004\"},{\"docstatus\":0,\"doctype\":\"Request Line Barang\",\"name\":\"New Request Line Barang 4\",\"__islocal\":1,\"__unsaved\":1,\"owner\":\"Administrator\",\"parent\":\"New Master Gudang 2\",\"parentfield\":\"request_line_barang\",\"parenttype\":\"Master Gudang\",\"idx\":2,\"__unedited\":false,\"nama_barang\":\"Pasir Lumajang\",\"jenis_barang\":\"Pasir\",\"qty\":\"500\",\"satuan\":\"Ton\",\"kode_barang\":\"BARANG-003\"}],\"total_jumlah_barang\":900,\"sisa_penyimpanan\":3100}"
}
Request Error
Traceback (most recent call last):
  File "/home/ilhmndn/frappe-training/apps/frappe/frappe/app.py", line 61, in application
    response = frappe.handler.handle()
  File "/home/ilhmndn/frappe-training/apps/frappe/frappe/handler.py", line 21, in handle
    data = execute_cmd(cmd)
  File "/home/ilhmndn/frappe-training/apps/frappe/frappe/handler.py", line 56, in execute_cmd
    return frappe.call(method, **frappe.form_dict)
  File "/home/ilhmndn/frappe-training/apps/frappe/frappe/__init__.py", line 1019, in call
    return fn(*args, **newargs)
  File "/home/ilhmndn/frappe-training/apps/frappe/frappe/desk/form/save.py", line 12, in savedocs
    doc = frappe.get_doc(json.loads(doc))
  File "/home/ilhmndn/frappe-training/apps/frappe/frappe/__init__.py", line 721, in get_doc
    doc = frappe.model.document.get_doc(*args, **kwargs)
  File "/home/ilhmndn/frappe-training/apps/frappe/frappe/model/document.py", line 67, in get_doc
    controller = get_controller(doctype)
  File "/home/ilhmndn/frappe-training/apps/frappe/frappe/model/base_document.py", line 36, in get_controller
    module = load_doctype_module(doctype, module_name)
  File "/home/ilhmndn/frappe-training/apps/frappe/frappe/modules/utils.py", line 185, in load_doctype_module
    doctype_python_modules[key] = frappe.get_module(module_name)
  File "/home/ilhmndn/frappe-training/apps/frappe/frappe/__init__.py", line 795, in get_module
    return importlib.import_module(modulename)
  File "/home/ilhmndn/frappe-training/env/lib64/python3.6/importlib/__init__.py", line 126, in import_module
    return _bootstrap._gcd_import(name[level:], package, level)
  File "<frozen importlib._bootstrap>", line 994, in _gcd_import
  File "<frozen importlib._bootstrap>", line 971, in _find_and_load
  File "<frozen importlib._bootstrap>", line 955, in _find_and_load_unlocked
  File "<frozen importlib._bootstrap>", line 665, in _load_unlocked
  File "<frozen importlib._bootstrap_external>", line 674, in exec_module
  File "<frozen importlib._bootstrap_external>", line 781, in get_code
  File "<frozen importlib._bootstrap_external>", line 741, in source_to_code
  File "<frozen importlib._bootstrap>", line 219, in _call_with_frames_removed
  File "/home/ilhmndn/frappe-training/apps/warehouse/warehouse/warehouse_management_system/doctype/master_gudang/master_gudang.py", line 23
    return list1
               ^
TabError: inconsistent use of tabs and spaces in indentation
[ERROR] 2019-06-30 19:29:11,006 | /home/ilhmndn/frappe-training/apps/frappe/frappe/utils/error.py:
Could not take error snapshot: startswith first arg must be str or a tuple of str, not bytes
Traceback (most recent call last):
  File "/home/ilhmndn/frappe-training/apps/frappe/frappe/app.py", line 61, in application
    response = frappe.handler.handle()
  File "/home/ilhmndn/frappe-training/apps/frappe/frappe/handler.py", line 21, in handle
    data = execute_cmd(cmd)
  File "/home/ilhmndn/frappe-training/apps/frappe/frappe/handler.py", line 56, in execute_cmd
    return frappe.call(method, **frappe.form_dict)
  File "/home/ilhmndn/frappe-training/apps/frappe/frappe/__init__.py", line 1019, in call
    return fn(*args, **newargs)
  File "/home/ilhmndn/frappe-training/apps/frappe/frappe/desk/form/save.py", line 12, in savedocs
    doc = frappe.get_doc(json.loads(doc))
  File "/home/ilhmndn/frappe-training/apps/frappe/frappe/__init__.py", line 721, in get_doc
    doc = frappe.model.document.get_doc(*args, **kwargs)
  File "/home/ilhmndn/frappe-training/apps/frappe/frappe/model/document.py", line 67, in get_doc
    controller = get_controller(doctype)
  File "/home/ilhmndn/frappe-training/apps/frappe/frappe/model/base_document.py", line 36, in get_controller
    module = load_doctype_module(doctype, module_name)
  File "/home/ilhmndn/frappe-training/apps/frappe/frappe/modules/utils.py", line 185, in load_doctype_module
    doctype_python_modules[key] = frappe.get_module(module_name)
  File "/home/ilhmndn/frappe-training/apps/frappe/frappe/__init__.py", line 795, in get_module
    return importlib.import_module(modulename)
  File "/home/ilhmndn/frappe-training/env/lib64/python3.6/importlib/__init__.py", line 126, in import_module
    return _bootstrap._gcd_import(name[level:], package, level)
  File "<frozen importlib._bootstrap>", line 994, in _gcd_import
  File "<frozen importlib._bootstrap>", line 971, in _find_and_load
  File "<frozen importlib._bootstrap>", line 955, in _find_and_load_unlocked
  File "<frozen importlib._bootstrap>", line 665, in _load_unlocked
  File "<frozen importlib._bootstrap_external>", line 674, in exec_module
  File "<frozen importlib._bootstrap_external>", line 781, in get_code
  File "<frozen importlib._bootstrap_external>", line 741, in source_to_code
  File "<frozen importlib._bootstrap>", line 219, in _call_with_frames_removed
  File "/home/ilhmndn/frappe-training/apps/warehouse/warehouse/warehouse_management_system/doctype/master_gudang/master_gudang.py", line 23
    return list1
               ^
TabError: inconsistent use of tabs and spaces in indentation

During handling of the above exception, another exception occurred:

Traceback (most recent call last):
  File "/home/ilhmndn/frappe-training/apps/frappe/frappe/utils/error.py", line 36, in make_error_snapshot
    snapshot = get_snapshot(exception)
  File "/home/ilhmndn/frappe-training/apps/frappe/frappe/utils/error.py", line 131, in get_snapshot
    if type(value)==str and value.startswith(b"u'"):
TypeError: startswith first arg must be str or a tuple of str, not bytes
[DEBUG] 2019-06-30 19:30:00,808 | /home/ilhmndn/frappe-training/apps/frappe/frappe/utils/scheduler.py:
Site: mdb.training.local
Queued events for site mdb.training.local
[DEBUG] 2019-06-30 19:30:00,863 | /home/ilhmndn/frappe-training/apps/frappe/frappe/utils/scheduler.py:
Site: warehouse
Queued events for site warehouse
[DEBUG] 2019-06-30 19:31:01,005 | /home/ilhmndn/frappe-training/apps/frappe/frappe/utils/scheduler.py:
Site: mdb.training.local
Queued events for site mdb.training.local
[DEBUG] 2019-06-30 19:31:01,195 | /home/ilhmndn/frappe-training/apps/frappe/frappe/utils/scheduler.py:
Site: warehouse
Queued events for site warehouse
[DEBUG] 2019-06-30 19:32:01,631 | /home/ilhmndn/frappe-training/apps/frappe/frappe/utils/scheduler.py:
Site: mdb.training.local
Queued events for site mdb.training.local
[DEBUG] 2019-06-30 19:32:01,781 | /home/ilhmndn/frappe-training/apps/frappe/frappe/utils/scheduler.py:
Site: warehouse
Queued events for site warehouse
[DEBUG] 2019-06-30 19:33:01,938 | /home/ilhmndn/frappe-training/apps/frappe/frappe/utils/scheduler.py:
Site: mdb.training.local
Queued events for site mdb.training.local
[DEBUG] 2019-06-30 19:33:02,016 | /home/ilhmndn/frappe-training/apps/frappe/frappe/utils/scheduler.py:
Site: warehouse
Queued events for site warehouse
[DEBUG] 2019-06-30 19:34:02,161 | /home/ilhmndn/frappe-training/apps/frappe/frappe/utils/scheduler.py:
Site: mdb.training.local
Queued events for site mdb.training.local
[DEBUG] 2019-06-30 19:34:02,218 | /home/ilhmndn/frappe-training/apps/frappe/frappe/utils/scheduler.py:
Site: warehouse
Queued events for site warehouse
[DEBUG] 2019-06-30 19:35:02,376 | /home/ilhmndn/frappe-training/apps/frappe/frappe/utils/scheduler.py:
Site: mdb.training.local
Queued events for site mdb.training.local
[DEBUG] 2019-06-30 19:35:02,433 | /home/ilhmndn/frappe-training/apps/frappe/frappe/utils/scheduler.py:
Site: warehouse
Queued events for site warehouse
[DEBUG] 2019-06-30 19:36:02,686 | /home/ilhmndn/frappe-training/apps/frappe/frappe/utils/scheduler.py:
Site: mdb.training.local
Queued events for site mdb.training.local
[DEBUG] 2019-06-30 19:36:02,921 | /home/ilhmndn/frappe-training/apps/frappe/frappe/utils/scheduler.py:
Site: warehouse
Queued events for site warehouse
[DEBUG] 2019-06-30 19:37:03,082 | /home/ilhmndn/frappe-training/apps/frappe/frappe/utils/scheduler.py:
Site: mdb.training.local
Queued events for site mdb.training.local
[DEBUG] 2019-06-30 19:37:03,159 | /home/ilhmndn/frappe-training/apps/frappe/frappe/utils/scheduler.py:
Site: warehouse
Queued events for site warehouse
[DEBUG] 2019-06-30 19:38:03,306 | /home/ilhmndn/frappe-training/apps/frappe/frappe/utils/scheduler.py:
Site: mdb.training.local
Queued events for site mdb.training.local
[DEBUG] 2019-06-30 19:38:03,364 | /home/ilhmndn/frappe-training/apps/frappe/frappe/utils/scheduler.py:
Site: warehouse
Queued events for site warehouse
[DEBUG] 2019-06-30 19:39:03,532 | /home/ilhmndn/frappe-training/apps/frappe/frappe/utils/scheduler.py:
Site: mdb.training.local
Queued events for site mdb.training.local
[DEBUG] 2019-06-30 19:39:03,614 | /home/ilhmndn/frappe-training/apps/frappe/frappe/utils/scheduler.py:
Site: warehouse
Queued events for site warehouse
[DEBUG] 2019-06-30 19:40:03,840 | /home/ilhmndn/frappe-training/apps/frappe/frappe/utils/scheduler.py:
Site: mdb.training.local
Queued events for site mdb.training.local
[DEBUG] 2019-06-30 19:40:04,038 | /home/ilhmndn/frappe-training/apps/frappe/frappe/utils/scheduler.py:
Site: warehouse
Queued events for site warehouse
[DEBUG] 2019-06-30 19:41:04,202 | /home/ilhmndn/frappe-training/apps/frappe/frappe/utils/scheduler.py:
Site: mdb.training.local
Queued events for site mdb.training.local
[DEBUG] 2019-06-30 19:41:04,254 | /home/ilhmndn/frappe-training/apps/frappe/frappe/utils/scheduler.py:
Site: warehouse
Queued events for site warehouse
[DEBUG] 2019-06-30 19:42:04,393 | /home/ilhmndn/frappe-training/apps/frappe/frappe/utils/scheduler.py:
Site: mdb.training.local
Queued events for site mdb.training.local
[DEBUG] 2019-06-30 19:42:04,459 | /home/ilhmndn/frappe-training/apps/frappe/frappe/utils/scheduler.py:
Site: warehouse
Queued events for site warehouse
[DEBUG] 2019-06-30 19:43:04,614 | /home/ilhmndn/frappe-training/apps/frappe/frappe/utils/scheduler.py:
Site: mdb.training.local
Queued events for site mdb.training.local
[DEBUG] 2019-06-30 19:43:04,674 | /home/ilhmndn/frappe-training/apps/frappe/frappe/utils/scheduler.py:
Site: warehouse
Queued events for site warehouse
[DEBUG] 2019-06-30 19:44:04,942 | /home/ilhmndn/frappe-training/apps/frappe/frappe/utils/scheduler.py:
Site: mdb.training.local
Queued events for site mdb.training.local
[DEBUG] 2019-06-30 19:44:05,120 | /home/ilhmndn/frappe-training/apps/frappe/frappe/utils/scheduler.py:
Site: warehouse
Queued events for site warehouse
[DEBUG] 2019-06-30 19:45:05,280 | /home/ilhmndn/frappe-training/apps/frappe/frappe/utils/scheduler.py:
Site: mdb.training.local
Queued events for site mdb.training.local
[DEBUG] 2019-06-30 19:45:05,365 | /home/ilhmndn/frappe-training/apps/frappe/frappe/utils/scheduler.py:
Site: warehouse
Queued events for site warehouse
[DEBUG] 2019-06-30 19:46:05,520 | /home/ilhmndn/frappe-training/apps/frappe/frappe/utils/scheduler.py:
Site: mdb.training.local
Queued events for site mdb.training.local
[DEBUG] 2019-06-30 19:46:05,576 | /home/ilhmndn/frappe-training/apps/frappe/frappe/utils/scheduler.py:
Site: warehouse
Queued events for site warehouse
[DEBUG] 2019-06-30 19:47:05,721 | /home/ilhmndn/frappe-training/apps/frappe/frappe/utils/scheduler.py:
Site: mdb.training.local
Queued events for site mdb.training.local
[DEBUG] 2019-06-30 19:47:05,773 | /home/ilhmndn/frappe-training/apps/frappe/frappe/utils/scheduler.py:
Site: warehouse
Queued events for site warehouse
[DEBUG] 2019-06-30 19:48:06,043 | /home/ilhmndn/frappe-training/apps/frappe/frappe/utils/scheduler.py:
Site: mdb.training.local
Queued events for site mdb.training.local
[DEBUG] 2019-06-30 19:48:06,252 | /home/ilhmndn/frappe-training/apps/frappe/frappe/utils/scheduler.py:
Site: warehouse
Queued events for site warehouse
[DEBUG] 2019-06-30 19:49:06,481 | /home/ilhmndn/frappe-training/apps/frappe/frappe/utils/scheduler.py:
Site: mdb.training.local
Queued events for site mdb.training.local
[DEBUG] 2019-06-30 19:49:06,659 | /home/ilhmndn/frappe-training/apps/frappe/frappe/utils/scheduler.py:
Site: warehouse
Queued events for site warehouse
